{"level":"info","message":"HAYIM Server running on port 3500","service":"yahuah-dabar","timestamp":"2025-09-05 08:08:46"}
{"level":"info","message":"Process 5288 started","service":"yahuah-dabar","timestamp":"2025-09-05 08:08:46"}
{"level":"info","message":"Database connected successfully","service":"yahuah-dabar","timestamp":"2025-09-05 08:08:46"}
{"level":"info","message":"yahuah-dabar Server running on port 3500","service":"yahuah-dabar","timestamp":"2025-09-05 08:09:24"}
{"level":"info","message":"Process 12076 started","service":"yahuah-dabar","timestamp":"2025-09-05 08:09:24"}
{"level":"info","message":"Database connected successfully","service":"yahuah-dabar","timestamp":"2025-09-05 08:09:24"}
{"level":"info","message":"yahuah-dabar Server running on port 3500","service":"yahuah-dabar","timestamp":"2025-09-05 08:10:43"}
{"level":"info","message":"Process 24072 started","service":"yahuah-dabar","timestamp":"2025-09-05 08:10:43"}
{"level":"info","message":"Database connected successfully","service":"yahuah-dabar","timestamp":"2025-09-05 08:10:43"}
{"level":"info","message":"GET /health - ::1","service":"yahuah-dabar","timestamp":"2025-09-05 08:10:56"}
{"level":"info","message":"GET /favicon.ico - ::1","service":"yahuah-dabar","timestamp":"2025-09-05 08:10:57"}
{"level":"info","message":"GET /health - ::1","service":"yahuah-dabar","timestamp":"2025-09-05 08:11:08"}
{"level":"info","message":"GET /health - ::1","service":"yahuah-dabar","timestamp":"2025-09-05 08:11:11"}
{"level":"info","message":"GET /health - ::1","service":"yahuah-dabar","timestamp":"2025-09-05 08:11:36"}
{"level":"info","message":"GET /health - ::1","service":"yahuah-dabar","timestamp":"2025-09-05 08:11:50"}
{"level":"info","message":"yahuah-dabar Server running on port 3500","service":"yahuah-dabar","timestamp":"2025-09-05 08:12:42"}
{"level":"info","message":"Process 3668 started","service":"yahuah-dabar","timestamp":"2025-09-05 08:12:42"}
{"level":"info","message":"Database connected successfully","service":"yahuah-dabar","timestamp":"2025-09-05 08:12:42"}
{"level":"info","message":"yahuah-dabar Server running on port 3500","service":"yahuah-dabar","timestamp":"2025-09-05 08:13:40"}
{"level":"info","message":"Process 7192 started","service":"yahuah-dabar","timestamp":"2025-09-05 08:13:40"}
{"level":"info","message":"Database connected successfully","service":"yahuah-dabar","timestamp":"2025-09-05 08:13:40"}
{"level":"info","message":"yahuah-dabar Server running on port 3500","service":"yahuah-dabar","timestamp":"2025-09-05 08:14:27"}
{"level":"info","message":"Process 21060 started","service":"yahuah-dabar","timestamp":"2025-09-05 08:14:27"}
{"level":"info","message":"Database connected successfully","service":"yahuah-dabar","timestamp":"2025-09-05 08:14:27"}
{"level":"info","message":"yahuah-dabar Server running on port 3500","service":"yahuah-dabar","timestamp":"2025-09-05 08:17:26"}
{"level":"info","message":"Process 17456 started","service":"yahuah-dabar","timestamp":"2025-09-05 08:17:26"}
{"level":"info","message":"Database connected successfully","service":"yahuah-dabar","timestamp":"2025-09-05 08:17:26"}
{"level":"info","message":"yahuah-dabar Server running on port 3500","service":"yahuah-dabar","timestamp":"2025-09-05 08:17:59"}
{"level":"info","message":"Process 5288 started","service":"yahuah-dabar","timestamp":"2025-09-05 08:17:59"}
{"level":"info","message":"Database connected successfully","service":"yahuah-dabar","timestamp":"2025-09-05 08:17:59"}
{"level":"info","message":"yahuah-dabar Server running on port 3500","service":"yahuah-dabar","timestamp":"2025-09-05 08:53:55"}
{"level":"info","message":"Process 10768 started","service":"yahuah-dabar","timestamp":"2025-09-05 08:53:55"}
{"level":"info","message":"Database connected successfully","service":"yahuah-dabar","timestamp":"2025-09-05 08:53:55"}
{"level":"info","message":"yahuah-dabar Server running on port 3500","service":"yahuah-dabar","timestamp":"2025-09-05 09:48:21"}
{"level":"info","message":"Process 27164 started","service":"yahuah-dabar","timestamp":"2025-09-05 09:48:21"}
{"level":"info","message":"Database connected successfully","service":"yahuah-dabar","timestamp":"2025-09-05 09:48:21"}
{"level":"info","message":"yahuah-dabar Server running on port 3500","service":"yahuah-dabar","timestamp":"2025-09-06 06:58:28"}
{"level":"info","message":"Process 36268 started","service":"yahuah-dabar","timestamp":"2025-09-06 06:58:28"}
{"level":"info","message":"Database connected successfully","service":"yahuah-dabar","timestamp":"2025-09-06 06:58:28"}
{"level":"info","message":"yahuah-dabar Server running on port 3500","service":"yahuah-dabar","timestamp":"2025-09-06 07:08:38"}
{"level":"info","message":"Process 26144 started","service":"yahuah-dabar","timestamp":"2025-09-06 07:08:38"}
{"level":"info","message":"Database connected successfully","service":"yahuah-dabar","timestamp":"2025-09-06 07:08:38"}
{"level":"info","message":"yahuah-dabar Server running on port 3500","service":"yahuah-dabar","timestamp":"2025-09-06 07:09:34"}
{"level":"info","message":"Process 19464 started","service":"yahuah-dabar","timestamp":"2025-09-06 07:09:34"}
{"level":"info","message":"Database connected successfully","service":"yahuah-dabar","timestamp":"2025-09-06 07:09:34"}
{"level":"info","message":"yahuah-dabar Server running on port 3500","service":"yahuah-dabar","timestamp":"2025-09-06 07:23:35"}
{"level":"info","message":"Process 35372 started","service":"yahuah-dabar","timestamp":"2025-09-06 07:23:35"}
{"level":"info","message":"Database connected successfully","service":"yahuah-dabar","timestamp":"2025-09-06 07:23:35"}
{"level":"info","message":"yahuah-dabar Server running on port 3500","service":"yahuah-dabar","timestamp":"2025-09-06 07:27:24"}
{"level":"info","message":"Process 36992 started","service":"yahuah-dabar","timestamp":"2025-09-06 07:27:24"}
{"level":"info","message":"Database connected successfully","service":"yahuah-dabar","timestamp":"2025-09-06 07:27:24"}
{"level":"info","message":"yahuah-dabar Server running on port 3500","service":"yahuah-dabar","timestamp":"2025-09-06 07:27:46"}
{"level":"info","message":"Process 33220 started","service":"yahuah-dabar","timestamp":"2025-09-06 07:27:46"}
{"level":"info","message":"Database connected successfully","service":"yahuah-dabar","timestamp":"2025-09-06 07:27:46"}
{"level":"info","message":"yahuah-dabar Server running on port 3500","service":"yahuah-dabar","timestamp":"2025-09-06 07:28:38"}
{"level":"info","message":"Process 5480 started","service":"yahuah-dabar","timestamp":"2025-09-06 07:28:38"}
{"level":"info","message":"Database connected successfully","service":"yahuah-dabar","timestamp":"2025-09-06 07:28:38"}
{"level":"info","message":"yahuah-dabar Server running on port 3500","service":"yahuah-dabar","timestamp":"2025-09-06 07:31:52"}
{"level":"info","message":"Process 22236 started","service":"yahuah-dabar","timestamp":"2025-09-06 07:31:52"}
{"level":"info","message":"Database connected successfully","service":"yahuah-dabar","timestamp":"2025-09-06 07:31:52"}
{"level":"info","message":"yahuah-dabar Server running on port 3500","service":"yahuah-dabar","timestamp":"2025-09-06 07:33:08"}
{"level":"info","message":"Process 35052 started","service":"yahuah-dabar","timestamp":"2025-09-06 07:33:08"}
{"level":"info","message":"Database connected successfully","service":"yahuah-dabar","timestamp":"2025-09-06 07:33:08"}
{"level":"info","message":"yahuah-dabar Server running on port 3500","service":"yahuah-dabar","timestamp":"2025-09-06 08:59:37"}
{"level":"info","message":"Process 18148 started","service":"yahuah-dabar","timestamp":"2025-09-06 08:59:37"}
{"level":"info","message":"Database connected successfully","service":"yahuah-dabar","timestamp":"2025-09-06 08:59:37"}
{"level":"info","message":"yahuah-dabar Server running on port 3500","service":"yahuah-dabar","timestamp":"2025-09-06 09:00:09"}
{"level":"info","message":"Process 36736 started","service":"yahuah-dabar","timestamp":"2025-09-06 09:00:09"}
{"level":"info","message":"Database connected successfully","service":"yahuah-dabar","timestamp":"2025-09-06 09:00:09"}
{"level":"info","message":"yahuah-dabar Server running on port 3500","service":"yahuah-dabar","timestamp":"2025-09-06 09:01:26"}
{"level":"info","message":"Process 32636 started","service":"yahuah-dabar","timestamp":"2025-09-06 09:01:26"}
{"level":"info","message":"Database connected successfully","service":"yahuah-dabar","timestamp":"2025-09-06 09:01:26"}
{"level":"info","message":"yahuah-dabar Server running on port 3500","service":"yahuah-dabar","timestamp":"2025-09-06 11:51:19"}
{"level":"info","message":"Process 36944 started","service":"yahuah-dabar","timestamp":"2025-09-06 11:51:19"}
{"level":"info","message":"Database connected successfully","service":"yahuah-dabar","timestamp":"2025-09-06 11:51:19"}
{"level":"info","message":"yahuah-dabar Server running on port 3500","service":"yahuah-dabar","timestamp":"2025-09-06 11:58:19"}
{"level":"info","message":"Process 33732 started","service":"yahuah-dabar","timestamp":"2025-09-06 11:58:19"}
{"level":"info","message":"Database connected successfully","service":"yahuah-dabar","timestamp":"2025-09-06 11:58:19"}
{"level":"info","message":"yahuah-dabar Server running on port 3500","service":"yahuah-dabar","timestamp":"2025-09-06 12:01:18"}
{"level":"info","message":"Process 37312 started","service":"yahuah-dabar","timestamp":"2025-09-06 12:01:18"}
{"level":"info","message":"Database connected successfully","service":"yahuah-dabar","timestamp":"2025-09-06 12:01:18"}
{"level":"info","message":"yahuah-dabar Server running on port 3500","service":"yahuah-dabar","timestamp":"2025-09-06 12:03:09"}
{"level":"info","message":"Process 36424 started","service":"yahuah-dabar","timestamp":"2025-09-06 12:03:09"}
{"level":"info","message":"Database connected successfully","service":"yahuah-dabar","timestamp":"2025-09-06 12:03:09"}
{"level":"info","message":"yahuah-dabar Server running on port 3500","service":"yahuah-dabar","timestamp":"2025-09-06 12:04:15"}
{"level":"info","message":"Process 29936 started","service":"yahuah-dabar","timestamp":"2025-09-06 12:04:15"}
{"level":"info","message":"Database connected successfully","service":"yahuah-dabar","timestamp":"2025-09-06 12:04:15"}
{"level":"info","message":"yahuah-dabar Server running on port 3500","service":"yahuah-dabar","timestamp":"2025-09-06 12:04:26"}
{"level":"info","message":"Process 14464 started","service":"yahuah-dabar","timestamp":"2025-09-06 12:04:26"}
{"level":"info","message":"Database connected successfully","service":"yahuah-dabar","timestamp":"2025-09-06 12:04:26"}
{"level":"info","message":"yahuah-dabar Server running on port 3500","service":"yahuah-dabar","timestamp":"2025-09-06 12:04:38"}
{"level":"info","message":"Process 19952 started","service":"yahuah-dabar","timestamp":"2025-09-06 12:04:38"}
{"level":"info","message":"Database connected successfully","service":"yahuah-dabar","timestamp":"2025-09-06 12:04:38"}
{"level":"info","message":"yahuah-dabar Server running on port 3500","service":"yahuah-dabar","timestamp":"2025-09-06 12:07:39"}
{"level":"info","message":"Process 20396 started","service":"yahuah-dabar","timestamp":"2025-09-06 12:07:39"}
{"level":"info","message":"Database connected successfully","service":"yahuah-dabar","timestamp":"2025-09-06 12:07:39"}
{"level":"info","message":"yahuah-dabar Server running on port 3500","service":"yahuah-dabar","timestamp":"2025-09-06 12:28:33"}
{"level":"info","message":"Process 35392 started","service":"yahuah-dabar","timestamp":"2025-09-06 12:28:33"}
{"level":"info","message":"Database connected successfully","service":"yahuah-dabar","timestamp":"2025-09-06 12:28:33"}
{"level":"info","message":"yahuah-dabar Server running on port 3500","service":"yahuah-dabar","timestamp":"2025-09-06 12:33:52"}
{"level":"info","message":"Process 36412 started","service":"yahuah-dabar","timestamp":"2025-09-06 12:33:52"}
{"level":"info","message":"Database connected successfully","service":"yahuah-dabar","timestamp":"2025-09-06 12:33:52"}
{"level":"info","message":"yahuah-dabar Server running on port 3500","service":"yahuah-dabar","timestamp":"2025-09-06 12:34:27"}
{"level":"info","message":"Process 27948 started","service":"yahuah-dabar","timestamp":"2025-09-06 12:34:27"}
{"level":"info","message":"Database connected successfully","service":"yahuah-dabar","timestamp":"2025-09-06 12:34:27"}
{"level":"info","message":"yahuah-dabar Server running on port 3500","service":"yahuah-dabar","timestamp":"2025-09-06 12:42:38"}
{"level":"info","message":"Process 37084 started","service":"yahuah-dabar","timestamp":"2025-09-06 12:42:38"}
{"level":"info","message":"Database connected successfully","service":"yahuah-dabar","timestamp":"2025-09-06 12:42:38"}
{"level":"info","message":"yahuah-dabar Server running on port 3500","service":"yahuah-dabar","timestamp":"2025-09-06 12:43:42"}
{"level":"info","message":"Process 34936 started","service":"yahuah-dabar","timestamp":"2025-09-06 12:43:42"}
{"level":"info","message":"Database connected successfully","service":"yahuah-dabar","timestamp":"2025-09-06 12:43:42"}
{"level":"info","message":"yahuah-dabar Server running on port 3500","service":"yahuah-dabar","timestamp":"2025-09-06 13:04:09"}
{"level":"info","message":"Process 36800 started","service":"yahuah-dabar","timestamp":"2025-09-06 13:04:09"}
{"level":"info","message":"Database connected successfully","service":"yahuah-dabar","timestamp":"2025-09-06 13:04:09"}
{"level":"info","message":"yahuah-dabar Server running on port 3500","service":"yahuah-dabar","timestamp":"2025-09-06 13:06:19"}
{"level":"info","message":"Process 36688 started","service":"yahuah-dabar","timestamp":"2025-09-06 13:06:19"}
{"level":"info","message":"Database connected successfully","service":"yahuah-dabar","timestamp":"2025-09-06 13:06:19"}
{"level":"info","message":"yahuah-dabar Server running on port 3500","service":"yahuah-dabar","timestamp":"2025-09-06 13:07:53"}
{"level":"info","message":"Process 38780 started","service":"yahuah-dabar","timestamp":"2025-09-06 13:07:53"}
{"level":"info","message":"Database connected successfully","service":"yahuah-dabar","timestamp":"2025-09-06 13:07:53"}
{"level":"info","message":"yahuah-dabar Server running on port 3500","service":"yahuah-dabar","timestamp":"2025-09-06 13:14:34"}
{"level":"info","message":"Process 38964 started","service":"yahuah-dabar","timestamp":"2025-09-06 13:14:34"}
{"level":"info","message":"Database connected successfully","service":"yahuah-dabar","timestamp":"2025-09-06 13:14:34"}
{"level":"info","message":"yahuah-dabar Server running on port 3500","service":"yahuah-dabar","timestamp":"2025-09-06 13:19:14"}
{"level":"info","message":"Process 37320 started","service":"yahuah-dabar","timestamp":"2025-09-06 13:19:14"}
{"level":"info","message":"Database connected successfully","service":"yahuah-dabar","timestamp":"2025-09-06 13:19:14"}
{"level":"info","message":"yahuah-dabar Server running on port 3500","service":"yahuah-dabar","timestamp":"2025-09-06 13:20:12"}
{"level":"info","message":"Process 31684 started","service":"yahuah-dabar","timestamp":"2025-09-06 13:20:12"}
{"level":"info","message":"Database connected successfully","service":"yahuah-dabar","timestamp":"2025-09-06 13:20:12"}
{"level":"info","message":"yahuah-dabar Server running on port 3500","service":"yahuah-dabar","timestamp":"2025-09-06 19:42:40"}
{"level":"info","message":"Process 42220 started","service":"yahuah-dabar","timestamp":"2025-09-06 19:42:40"}
{"level":"info","message":"Database connected successfully","service":"yahuah-dabar","timestamp":"2025-09-06 19:42:40"}
{"level":"info","message":"yahuah-dabar Server running on port 3500","service":"yahuah-dabar","timestamp":"2025-09-06 20:40:33"}
{"level":"info","message":"Process 35668 started","service":"yahuah-dabar","timestamp":"2025-09-06 20:40:33"}
{"level":"info","message":"Database connected successfully","service":"yahuah-dabar","timestamp":"2025-09-06 20:40:33"}
{"level":"info","message":"yahuah-dabar Server running on port 3500","service":"yahuah-dabar","timestamp":"2025-09-07 00:17:52"}
{"level":"info","message":"Process 40408 started","service":"yahuah-dabar","timestamp":"2025-09-07 00:17:52"}
{"level":"info","message":"Database connected successfully","service":"yahuah-dabar","timestamp":"2025-09-07 00:17:52"}
{"level":"info","message":"yahuah-dabar Server running on port 3500","service":"yahuah-dabar","timestamp":"2025-09-07 00:22:05"}
{"level":"info","message":"Process 26004 started","service":"yahuah-dabar","timestamp":"2025-09-07 00:22:05"}
{"level":"info","message":"Database connected successfully","service":"yahuah-dabar","timestamp":"2025-09-07 00:22:05"}
{"level":"info","message":"yahuah-dabar Server running on port 3500","service":"yahuah-dabar","timestamp":"2025-09-07 00:22:46"}
{"level":"info","message":"Process 43212 started","service":"yahuah-dabar","timestamp":"2025-09-07 00:22:46"}
{"level":"info","message":"Database connected successfully","service":"yahuah-dabar","timestamp":"2025-09-07 00:22:46"}
{"level":"info","message":"yahuah-dabar Server running on port 3500","service":"yahuah-dabar","timestamp":"2025-09-07 00:26:46"}
{"level":"info","message":"Process 44636 started","service":"yahuah-dabar","timestamp":"2025-09-07 00:26:46"}
{"level":"info","message":"Database connected successfully","service":"yahuah-dabar","timestamp":"2025-09-07 00:26:46"}
{"level":"info","message":"yahuah-dabar Server running on port 3500","service":"yahuah-dabar","timestamp":"2025-09-07 00:30:31"}
{"level":"info","message":"Process 44856 started","service":"yahuah-dabar","timestamp":"2025-09-07 00:30:31"}
{"level":"info","message":"Database connected successfully","service":"yahuah-dabar","timestamp":"2025-09-07 00:30:31"}
{"level":"info","message":"yahuah-dabar Server running on port 3500","service":"yahuah-dabar","timestamp":"2025-09-07 00:32:22"}
{"level":"info","message":"Process 39484 started","service":"yahuah-dabar","timestamp":"2025-09-07 00:32:22"}
{"level":"info","message":"Database connected successfully","service":"yahuah-dabar","timestamp":"2025-09-07 00:32:22"}
{"level":"info","message":"yahuah-dabar Server running on port 3500","service":"yahuah-dabar","timestamp":"2025-09-07 08:02:21"}
{"level":"info","message":"Process 47032 started","service":"yahuah-dabar","timestamp":"2025-09-07 08:02:21"}
{"level":"info","message":"Database connected successfully","service":"yahuah-dabar","timestamp":"2025-09-07 08:02:21"}
{"level":"info","message":"yahuah-dabar Server running on port 3500","service":"yahuah-dabar","timestamp":"2025-09-07 08:12:06"}
{"level":"info","message":"Process 47992 started","service":"yahuah-dabar","timestamp":"2025-09-07 08:12:06"}
{"level":"info","message":"Database connected successfully","service":"yahuah-dabar","timestamp":"2025-09-07 08:12:06"}
{"level":"info","message":"yahuah-dabar Server running on port 3500","service":"yahuah-dabar","timestamp":"2025-09-07 08:27:54"}
{"level":"info","message":"Process 46028 started","service":"yahuah-dabar","timestamp":"2025-09-07 08:27:54"}
{"level":"info","message":"Database connected successfully","service":"yahuah-dabar","timestamp":"2025-09-07 08:27:54"}
{"level":"info","message":"yahuah-dabar Server running on port 3500","service":"yahuah-dabar","timestamp":"2025-09-07 08:30:11"}
{"level":"info","message":"Process 32532 started","service":"yahuah-dabar","timestamp":"2025-09-07 08:30:11"}
{"level":"info","message":"Database connected successfully","service":"yahuah-dabar","timestamp":"2025-09-07 08:30:11"}
{"level":"info","message":"yahuah-dabar Server running on port 3500","service":"yahuah-dabar","timestamp":"2025-09-07 08:47:32"}
{"level":"info","message":"Process 28448 started","service":"yahuah-dabar","timestamp":"2025-09-07 08:47:32"}
{"level":"info","message":"Database connected successfully","service":"yahuah-dabar","timestamp":"2025-09-07 08:47:32"}
{"level":"info","message":"yahuah-dabar Server running on port 3500","service":"yahuah-dabar","timestamp":"2025-09-07 08:51:58"}
{"level":"info","message":"Process 36960 started","service":"yahuah-dabar","timestamp":"2025-09-07 08:51:58"}
{"level":"info","message":"Database connected successfully","service":"yahuah-dabar","timestamp":"2025-09-07 08:51:58"}
{"level":"info","message":"yahuah-dabar Server running on port 3500","service":"yahuah-dabar","timestamp":"2025-09-07 09:03:38"}
{"level":"info","message":"Process 48036 started","service":"yahuah-dabar","timestamp":"2025-09-07 09:03:38"}
{"level":"info","message":"Database connected successfully","service":"yahuah-dabar","timestamp":"2025-09-07 09:03:38"}
{"level":"info","message":"yahuah-dabar Server running on port 3500","service":"yahuah-dabar","timestamp":"2025-09-09 09:10:47"}
{"level":"info","message":"Process 19884 started","service":"yahuah-dabar","timestamp":"2025-09-09 09:10:47"}
{"level":"info","message":"Database connected successfully","service":"yahuah-dabar","timestamp":"2025-09-09 09:10:47"}
{"level":"info","message":"SIGINT signal received: closing HTTP server","service":"yahuah-dabar","timestamp":"2025-09-09 09:10:51"}
